<?xml version="1.0" encoding="UTF-8"?>
<testng-results ignored="0" total="2" passed="2" failed="0" skipped="0">
  <reporter-output>
  </reporter-output>
  <suite started-at="2025-07-29T17:34:15 IST" name="Suite" finished-at="2025-07-29T17:34:23 IST" duration-ms="7621">
    <groups>
    </groups>
    <test started-at="2025-07-29T17:34:15 IST" name="Chrome" finished-at="2025-07-29T17:34:21 IST" duration-ms="5633">
      <class name="Test.TestCase01">
        <test-method is-config="true" signature="setup(java.lang.String)[pri:0, instance:Test.TestCase01@5b799640]" started-at="2025-07-29T17:34:15 IST" name="setup" finished-at="2025-07-29T17:34:17 IST" duration-ms="2234" status="PASS">
          <params>
            <param index="0">
              <value>
                <![CDATA[chrome]]>
              </value>
            </param>
          </params>
          <reporter-output>
          </reporter-output>
        </test-method> <!-- setup -->
        <test-method is-config="true" signature="getUserData()[pri:0, instance:Test.TestCase01@5b799640]" started-at="2025-07-29T17:34:17 IST" name="getUserData" finished-at="2025-07-29T17:34:18 IST" duration-ms="515" status="PASS">
          <reporter-output>
          </reporter-output>
        </test-method> <!-- getUserData -->
        <test-method signature="regstration()[pri:1, instance:Test.TestCase01@5b799640]" started-at="2025-07-29T17:34:18 IST" name="regstration" description="Login to the application" finished-at="2025-07-29T17:34:21 IST" duration-ms="2843" status="PASS">
          <reporter-output>
          </reporter-output>
        </test-method> <!-- regstration -->
      </class> <!-- Test.TestCase01 -->
    </test> <!-- Chrome -->
    <test started-at="2025-07-29T17:34:15 IST" name="FireFox" finished-at="2025-07-29T17:34:23 IST" duration-ms="7621">
      <class name="Test.TestCase01">
        <test-method is-config="true" signature="setup(java.lang.String)[pri:0, instance:Test.TestCase01@6933b6c6]" started-at="2025-07-29T17:34:15 IST" name="setup" finished-at="2025-07-29T17:34:20 IST" duration-ms="5290" status="PASS">
          <params>
            <param index="0">
              <value>
                <![CDATA[firefox]]>
              </value>
            </param>
          </params>
          <reporter-output>
          </reporter-output>
        </test-method> <!-- setup -->
        <test-method is-config="true" signature="getUserData()[pri:0, instance:Test.TestCase01@6933b6c6]" started-at="2025-07-29T17:34:20 IST" name="getUserData" finished-at="2025-07-29T17:34:20 IST" duration-ms="34" status="PASS">
          <reporter-output>
          </reporter-output>
        </test-method> <!-- getUserData -->
        <test-method signature="regstration()[pri:1, instance:Test.TestCase01@6933b6c6]" started-at="2025-07-29T17:34:20 IST" name="regstration" description="Login to the application" finished-at="2025-07-29T17:34:23 IST" duration-ms="2268" status="PASS">
          <reporter-output>
          </reporter-output>
        </test-method> <!-- regstration -->
      </class> <!-- Test.TestCase01 -->
    </test> <!-- FireFox -->
  </suite> <!-- Suite -->
</testng-results>
